{"C:\\Users\\Usuario\\Desktop\\cursos-de-programacion\\fernando-herrera\\practica\\07-curso-node\\02-bases\\src\\plugins\\http-client.plugin.ts": {"path":"C:\\Users\\Usuario\\Desktop\\cursos-de-programacion\\fernando-herrera\\practica\\07-curso-node\\02-bases\\src\\plugins\\http-client.plugin.ts","all":false,"statementMap":{"0":{"start":{"line":1,"column":0},"end":{"line":1,"column":0}},"1":{"start":{"line":2,"column":0},"end":{"line":2,"column":26}},"2":{"start":{"line":3,"column":0},"end":{"line":3,"column":0}},"3":{"start":{"line":4,"column":0},"end":{"line":4,"column":33}},"4":{"start":{"line":5,"column":0},"end":{"line":5,"column":31}},"5":{"start":{"line":6,"column":0},"end":{"line":6,"column":0}},"6":{"start":{"line":7,"column":0},"end":{"line":7,"column":42}},"7":{"start":{"line":8,"column":0},"end":{"line":8,"column":16}},"8":{"start":{"line":9,"column":0},"end":{"line":9,"column":37}},"9":{"start":{"line":10,"column":0},"end":{"line":10,"column":38}},"10":{"start":{"line":11,"column":0},"end":{"line":11,"column":4}},"11":{"start":{"line":12,"column":0},"end":{"line":12,"column":0}},"12":{"start":{"line":13,"column":0},"end":{"line":13,"column":43}},"13":{"start":{"line":14,"column":0},"end":{"line":14,"column":39}},"14":{"start":{"line":15,"column":0},"end":{"line":15,"column":4}},"15":{"start":{"line":16,"column":0},"end":{"line":16,"column":42}},"16":{"start":{"line":17,"column":0},"end":{"line":17,"column":39}},"17":{"start":{"line":18,"column":0},"end":{"line":18,"column":4}},"18":{"start":{"line":19,"column":0},"end":{"line":19,"column":34}},"19":{"start":{"line":20,"column":0},"end":{"line":20,"column":39}},"20":{"start":{"line":21,"column":0},"end":{"line":21,"column":4}},"21":{"start":{"line":22,"column":0},"end":{"line":22,"column":2}}},"s":{"0":1,"1":1,"2":1,"3":1,"4":1,"5":3,"6":3,"7":2,"8":2,"9":2,"10":1,"11":1,"12":1,"13":0,"14":1,"15":1,"16":0,"17":1,"18":1,"19":0,"20":1,"21":1},"branchMap":{"0":{"type":"branch","line":5,"loc":{"start":{"line":5,"column":7},"end":{"line":11,"column":3}},"locations":[{"start":{"line":5,"column":7},"end":{"line":11,"column":3}}]},"1":{"type":"branch","line":8,"loc":{"start":{"line":8,"column":-2},"end":{"line":11,"column":3}},"locations":[{"start":{"line":8,"column":-2},"end":{"line":11,"column":3}}]}},"b":{"0":[3],"1":[2]},"fnMap":{"0":{"name":"get","decl":{"start":{"line":5,"column":7},"end":{"line":11,"column":3}},"loc":{"start":{"line":5,"column":7},"end":{"line":11,"column":3}},"line":5},"1":{"name":"post","decl":{"start":{"line":13,"column":8},"end":{"line":15,"column":3}},"loc":{"start":{"line":13,"column":8},"end":{"line":15,"column":3}},"line":13},"2":{"name":"put","decl":{"start":{"line":16,"column":7},"end":{"line":18,"column":3}},"loc":{"start":{"line":16,"column":7},"end":{"line":18,"column":3}},"line":16},"3":{"name":"delete","decl":{"start":{"line":19,"column":10},"end":{"line":21,"column":3}},"loc":{"start":{"line":19,"column":10},"end":{"line":21,"column":3}},"line":19}},"f":{"0":3,"1":0,"2":0,"3":0}}
}
